
Source file: L5_3.X68
Assembled on: 16-10-20 at: 17:28:50
          by: X68K PC-2.2 Copyright (c) University of Teesside 1989,96
Defaults: ORG $0/FORMAT/OPT A,BRL,CEX,CL,FRL,MC,MD,NOMEX,NOPCO

    1  00008000                        ORG       $8000
    2                            
    3  00008000 103900009000 START:    MOVE.B    HEXVAL,D0
    4  00008006 06000030               ADD.B     #$30,D0
    5  0000800A 13C000009001           MOVE.B    D0,CHARCODE
    6                                    
    7  00008010 103900009001           MOVE.B    CHARCODE,D0
    8  00008016 0C400039               CMPI      #$39,D0
    9                                    
   10  0000801A 6300000E               BLS       END
   11  0000801E 5E3900009001           ADD.B     #$7,CHARCODE
   12                                   
   13  00008024 103900009001           MOVE.B    CHARCODE,D0
   14  0000802A 4E4E         END:      TRAP      #14
   15                        
   16  00009000                        ORG       $9000
   17  00009000 0A           HEXVAL:   DC.B      $0A
   18  00009001 00000001     CHARCODE: DS.B      1
   19                        
   20           00008000               END       START

Lines: 20, Errors: 0, Warnings: 0.
